<?xml version="1.0" encoding="UTF-8"?>
<testsuite xmlns:xsi="http://www.w3.org/2001/XMLSchema-instance" xsi:noNamespaceSchemaLocation="https://maven.apache.org/surefire/maven-surefire-plugin/xsd/surefire-test-report-3.0.xsd" version="3.0" name="wasootch.discus.FormatSizeTest" time="0.008" tests="6" errors="0" skipped="0" failures="0">
  <properties>
[...]
</properties>
  <testcase name="boundariesAreExclusive" classname="wasootch.discus.FormatSizeTest" time="0.002"/>
  <testcase name="kilobytes" classname="wasootch.discus.FormatSizeTest" time="0.0"/>
  <testcase name="bytes" classname="wasootch.discus.FormatSizeTest" time="0.0"/>
  <testcase name="megabytes" classname="wasootch.discus.FormatSizeTest" time="0.001"/>
  <testcase name="gigabytes" classname="wasootch.discus.FormatSizeTest" time="0.001"/>
  <testcase name="terabytes" classname="wasootch.discus.FormatSizeTest" time="0.001"/>
</testsuite>